# JRE version: OpenJDK Runtime Environment Temurin-21.0.8+9 (21.0.8+9) (build 21.0.8+9-LTS)
# Java VM: OpenJDK 64-Bit Server VM Temurin-21.0.8+9 (21.0.8+9-LTS, mixed mode, sharing, tiered, compressed oops, compressed class ptrs, parallel gc, windows-amd64)
GC Precious Log:
 CardTable entry size: 512
 CPUs: 12 total, 12 available
 Memory: 16155M
 Large Page Support: Disabled
 NUMA Support: Disabled
 Compressed Oops: Enabled (32-bit)
 Alignments: Space 512K, Generation 512K, Heap 2M
 Heap Min Capacity: 100M
 Heap Initial Capacity: 100M
 Heap Max Capacity: 2G
 Pre-touch: Disabled
 Parallel Workers: 10
Heap:
 PSYoungGen      total 3584K, used 3304K [0x00000000d5580000, 0x00000000d5b00000, 0x0000000100000000)
  eden space 2048K, 100% used [0x00000000d5580000,0x00000000d5780000,0x00000000d5780000)
  from space 1536K, 81% used [0x00000000d5980000,0x00000000d5aba2e8,0x00000000d5b00000)
  to   space 1536K, 0% used [0x00000000d5780000,0x00000000d5780000,0x00000000d5900000)
 ParOldGen       total 867840K, used 363448K [0x0000000080000000, 0x00000000b4f80000, 0x00000000d5580000)
  object space 867840K, 41% used [0x0000000080000000,0x00000000962ee1f8,0x00000000b4f80000)
 Metaspace       used 94906K, committed 96704K, reserved 1179648K
  class space    used 9536K, committed 10432K, reserved 1048576K
GC Heap History (20 events):
Event: 3297.842 GC heap before
{Heap before GC invocations=4795 (full 6):
 PSYoungGen      total 2560K, used 2400K [0x00000000d5580000, 0x00000000d5900000, 0x0000000100000000)
  eden space 2048K, 100% used [0x00000000d5580000,0x00000000d5780000,0x00000000d5780000)
  from space 512K, 68% used [0x00000000d5880000,0x00000000d58d8000,0x00000000d5900000)
  to   space 512K, 0% used [0x00000000d5800000,0x00000000d5800000,0x00000000d5880000)
 ParOldGen       total 867840K, used 355701K [0x0000000080000000, 0x00000000b4f80000, 0x00000000d5580000)
  object space 867840K, 40% used [0x0000000080000000,0x0000000095b5d5f0,0x00000000b4f80000)
 Metaspace       used 94892K, committed 96704K, reserved 1179648K
  class space    used 9535K, committed 10432K, reserved 1048576K
}
Event: 3297.842 GC heap after
{Heap after GC invocations=4795 (full 6):
 PSYoungGen      total 2560K, used 368K [0x00000000d5580000, 0x00000000d5900000, 0x0000000100000000)
  eden space 2048K, 0% used [0x00000000d5580000,0x00000000d5580000,0x00000000d5780000)
  from space 512K, 71% used [0x00000000d5800000,0x00000000d585c010,0x00000000d5880000)
  to   space 512K, 0% used [0x00000000d5880000,0x00000000d5880000,0x00000000d5900000)
 ParOldGen       total 867840K, used 355733K [0x0000000080000000, 0x00000000b4f80000, 0x00000000d5580000)
  object space 867840K, 40% used [0x0000000080000000,0x0000000095b655f0,0x00000000b4f80000)
 Metaspace       used 94892K, committed 96704K, reserved 1179648K
  class space    used 9535K, committed 10432K, reserved 1048576K
}
Event: 3298.041 GC heap before
{Heap before GC invocations=4796 (full 6):
 PSYoungGen      total 2560K, used 2416K [0x00000000d5580000, 0x00000000d5900000, 0x0000000100000000)
  eden space 2048K, 100% used [0x00000000d5580000,0x00000000d5780000,0x00000000d5780000)
  from space 512K, 71% used [0x00000000d5800000,0x00000000d585c010,0x00000000d5880000)
  to   space 512K, 0% used [0x00000000d5880000,0x00000000d5880000,0x00000000d5900000)
 ParOldGen       total 867840K, used 355733K [0x0000000080000000, 0x00000000b4f80000, 0x00000000d5580000)
  object space 867840K, 40% used [0x0000000080000000,0x0000000095b655f0,0x00000000b4f80000)
 Metaspace       used 94892K, committed 96704K, reserved 1179648K
  class space    used 9535K, committed 10432K, reserved 1048576K
}
Event: 3298.041 GC heap after
{Heap after GC invocations=4796 (full 6):
 PSYoungGen      total 2560K, used 320K [0x00000000d5580000, 0x00000000d5900000, 0x0000000100000000)
  eden space 2048K, 0% used [0x00000000d5580000,0x00000000d5580000,0x00000000d5780000)
  from space 512K, 62% used [0x00000000d5880000,0x00000000d58d0000,0x00000000d5900000)
  to   space 512K, 0% used [0x00000000d5800000,0x00000000d5800000,0x00000000d5880000)
 ParOldGen       total 867840K, used 355765K [0x0000000080000000, 0x00000000b4f80000, 0x00000000d5580000)
  object space 867840K, 40% used [0x0000000080000000,0x0000000095b6d5f0,0x00000000b4f80000)
 Metaspace       used 94892K, committed 96704K, reserved 1179648K
  class space    used 9535K, committed 10432K, reserved 1048576K
}
Event: 3298.449 GC heap before
{Heap before GC invocations=4797 (full 6):
 PSYoungGen      total 2560K, used 2368K [0x00000000d5580000, 0x00000000d5900000, 0x0000000100000000)
  eden space 2048K, 100% used [0x00000000d5580000,0x00000000d5780000,0x00000000d5780000)
  from space 512K, 62% used [0x00000000d5880000,0x00000000d58d0000,0x00000000d5900000)
  to   space 512K, 0% used [0x00000000d5800000,0x00000000d5800000,0x00000000d5880000)
 ParOldGen       total 867840K, used 355765K [0x0000000080000000, 0x00000000b4f80000, 0x00000000d5580000)
  object space 867840K, 40% used [0x0000000080000000,0x0000000095b6d5f0,0x00000000b4f80000)
 Metaspace       used 94892K, committed 96704K, reserved 1179648K
  class space    used 9535K, committed 10432K, reserved 1048576K
}
Event: 3298.450 GC heap after
{Heap after GC invocations=4797 (full 6):
 PSYoungGen      total 2560K, used 320K [0x00000000d5580000, 0x00000000d5900000, 0x0000000100000000)
  eden space 2048K, 0% used [0x00000000d5580000,0x00000000d5580000,0x00000000d5780000)
  from space 512K, 62% used [0x00000000d5800000,0x00000000d5850000,0x00000000d5880000)
  to   space 512K, 0% used [0x00000000d5880000,0x00000000d5880000,0x00000000d5900000)
 ParOldGen       total 867840K, used 355781K [0x0000000080000000, 0x00000000b4f80000, 0x00000000d5580000)
  object space 867840K, 40% used [0x0000000080000000,0x0000000095b715f0,0x00000000b4f80000)
 Metaspace       used 94892K, committed 96704K, reserved 1179648K
  class space    used 9535K, committed 10432K, reserved 1048576K
}
Event: 3298.671 GC heap before
{Heap before GC invocations=4798 (full 6):
 PSYoungGen      total 2560K, used 2367K [0x00000000d5580000, 0x00000000d5900000, 0x0000000100000000)
  eden space 2048K, 99% used [0x00000000d5580000,0x00000000d577fee0,0x00000000d5780000)
  from space 512K, 62% used [0x00000000d5800000,0x00000000d5850000,0x00000000d5880000)
  to   space 512K, 0% used [0x00000000d5880000,0x00000000d5880000,0x00000000d5900000)
 ParOldGen       total 867840K, used 355781K [0x0000000080000000, 0x00000000b4f80000, 0x00000000d5580000)
  object space 867840K, 40% used [0x0000000080000000,0x0000000095b715f0,0x00000000b4f80000)
 Metaspace       used 94892K, committed 96704K, reserved 1179648K
  class space    used 9535K, committed 10432K, reserved 1048576K
}
Event: 3298.672 GC heap after
{Heap after GC invocations=4798 (full 6):
 PSYoungGen      total 2560K, used 336K [0x00000000d5580000, 0x00000000d5900000, 0x0000000100000000)
  eden space 2048K, 0% used [0x00000000d5580000,0x00000000d5580000,0x00000000d5780000)
  from space 512K, 65% used [0x00000000d5880000,0x00000000d58d4010,0x00000000d5900000)
  to   space 512K, 0% used [0x00000000d5800000,0x00000000d5800000,0x00000000d5880000)
 ParOldGen       total 867840K, used 355879K [0x0000000080000000, 0x00000000b4f80000, 0x00000000d5580000)
  object space 867840K, 41% used [0x0000000080000000,0x0000000095b89ef0,0x00000000b4f80000)
 Metaspace       used 94892K, committed 96704K, reserved 1179648K
  class space    used 9535K, committed 10432K, reserved 1048576K
}
Event: 3298.854 GC heap before
{Heap before GC invocations=4799 (full 6):
 PSYoungGen      total 2560K, used 2384K [0x00000000d5580000, 0x00000000d5900000, 0x0000000100000000)
  eden space 2048K, 100% used [0x00000000d5580000,0x00000000d5780000,0x00000000d5780000)
  from space 512K, 65% used [0x00000000d5880000,0x00000000d58d4010,0x00000000d5900000)
  to   space 512K, 0% used [0x00000000d5800000,0x00000000d5800000,0x00000000d5880000)
 ParOldGen       total 867840K, used 355879K [0x0000000080000000, 0x00000000b4f80000, 0x00000000d5580000)
  object space 867840K, 41% used [0x0000000080000000,0x0000000095b89ef0,0x00000000b4f80000)
 Metaspace       used 94892K, committed 96704K, reserved 1179648K
  class space    used 9535K, committed 10432K, reserved 1048576K
}
Event: 3298.854 GC heap after
{Heap after GC invocations=4799 (full 6):
 PSYoungGen      total 2560K, used 400K [0x00000000d5580000, 0x00000000d5900000, 0x0000000100000000)
  eden space 2048K, 0% used [0x00000000d5580000,0x00000000d5580000,0x00000000d5780000)
  from space 512K, 78% used [0x00000000d5800000,0x00000000d5864010,0x00000000d5880000)
  to   space 512K, 0% used [0x00000000d5880000,0x00000000d5880000,0x00000000d5900000)
 ParOldGen       total 867840K, used 356111K [0x0000000080000000, 0x00000000b4f80000, 0x00000000d5580000)
  object space 867840K, 41% used [0x0000000080000000,0x0000000095bc3f00,0x00000000b4f80000)
 Metaspace       used 94892K, committed 96704K, reserved 1179648K
  class space    used 9535K, committed 10432K, reserved 1048576K
}
Event: 3299.346 GC heap before
{Heap before GC invocations=4800 (full 6):
 PSYoungGen      total 2560K, used 2448K [0x00000000d5580000, 0x00000000d5900000, 0x0000000100000000)
  eden space 2048K, 100% used [0x00000000d5580000,0x00000000d5780000,0x00000000d5780000)
  from space 512K, 78% used [0x00000000d5800000,0x00000000d5864010,0x00000000d5880000)
  to   space 512K, 0% used [0x00000000d5880000,0x00000000d5880000,0x00000000d5900000)
 ParOldGen       total 867840K, used 356111K [0x0000000080000000, 0x00000000b4f80000, 0x00000000d5580000)
  object space 867840K, 41% used [0x0000000080000000,0x0000000095bc3f00,0x00000000b4f80000)
 Metaspace       used 94892K, committed 96704K, reserved 1179648K
  class space    used 9535K, committed 10432K, reserved 1048576K
}
Event: 3299.347 GC heap after
{Heap after GC invocations=4800 (full 6):
 PSYoungGen      total 2560K, used 485K [0x00000000d5580000, 0x00000000d5980000, 0x0000000100000000)
  eden space 2048K, 0% used [0x00000000d5580000,0x00000000d5580000,0x00000000d5780000)
  from space 512K, 94% used [0x00000000d5880000,0x00000000d58f95c8,0x00000000d5900000)
  to   space 1024K, 0% used [0x00000000d5780000,0x00000000d5780000,0x00000000d5880000)
 ParOldGen       total 867840K, used 356373K [0x0000000080000000, 0x00000000b4f80000, 0x00000000d5580000)
  object space 867840K, 41% used [0x0000000080000000,0x0000000095c054c8,0x00000000b4f80000)
 Metaspace       used 94892K, committed 96704K, reserved 1179648K
  class space    used 9535K, committed 10432K, reserved 1048576K
}
Event: 3299.349 GC heap before
{Heap before GC invocations=4801 (full 6):
 PSYoungGen      total 2560K, used 2533K [0x00000000d5580000, 0x00000000d5980000, 0x0000000100000000)
  eden space 2048K, 100% used [0x00000000d5580000,0x00000000d5780000,0x00000000d5780000)
  from space 512K, 94% used [0x00000000d5880000,0x00000000d58f95c8,0x00000000d5900000)
  to   space 1024K, 0% used [0x00000000d5780000,0x00000000d5780000,0x00000000d5880000)
 ParOldGen       total 867840K, used 356373K [0x0000000080000000, 0x00000000b4f80000, 0x00000000d5580000)
  object space 867840K, 41% used [0x0000000080000000,0x0000000095c054c8,0x00000000b4f80000)
 Metaspace       used 94892K, committed 96704K, reserved 1179648K
  class space    used 9535K, committed 10432K, reserved 1048576K
}
Event: 3299.351 GC heap after
{Heap after GC invocations=4801 (full 6):
 PSYoungGen      total 3072K, used 1024K [0x00000000d5580000, 0x00000000d5d80000, 0x0000000100000000)
  eden space 2048K, 0% used [0x00000000d5580000,0x00000000d5580000,0x00000000d5780000)
  from space 1024K, 100% used [0x00000000d5780000,0x00000000d5880000,0x00000000d5880000)
  to   space 3072K, 0% used [0x00000000d5a80000,0x00000000d5a80000,0x00000000d5d80000)
 ParOldGen       total 867840K, used 357799K [0x0000000080000000, 0x00000000b4f80000, 0x00000000d5580000)
  object space 867840K, 41% used [0x0000000080000000,0x0000000095d69d30,0x00000000b4f80000)
 Metaspace       used 94892K, committed 96704K, reserved 1179648K
  class space    used 9535K, committed 10432K, reserved 1048576K
}
Event: 3299.353 GC heap before
{Heap before GC invocations=4802 (full 6):
 PSYoungGen      total 3072K, used 3072K [0x00000000d5580000, 0x00000000d5d80000, 0x0000000100000000)
  eden space 2048K, 100% used [0x00000000d5580000,0x00000000d5780000,0x00000000d5780000)
  from space 1024K, 100% used [0x00000000d5780000,0x00000000d5880000,0x00000000d5880000)
  to   space 3072K, 0% used [0x00000000d5a80000,0x00000000d5a80000,0x00000000d5d80000)
 ParOldGen       total 867840K, used 357799K [0x0000000080000000, 0x00000000b4f80000, 0x00000000d5580000)
  object space 867840K, 41% used [0x0000000080000000,0x0000000095d69d30,0x00000000b4f80000)
 Metaspace       used 94892K, committed 96704K, reserved 1179648K
  class space    used 9535K, committed 10432K, reserved 1048576K
}
Event: 3299.355 GC heap after
{Heap after GC invocations=4802 (full 6):
 PSYoungGen      total 4096K, used 1920K [0x00000000d5580000, 0x00000000d5c80000, 0x0000000100000000)
  eden space 2048K, 0% used [0x00000000d5580000,0x00000000d5580000,0x00000000d5780000)
  from space 2048K, 93% used [0x00000000d5a80000,0x00000000d5c60000,0x00000000d5c80000)
  to   space 2560K, 0% used [0x00000000d5780000,0x00000000d5780000,0x00000000d5a00000)
 ParOldGen       total 867840K, used 358871K [0x0000000080000000, 0x00000000b4f80000, 0x00000000d5580000)
  object space 867840K, 41% used [0x0000000080000000,0x0000000095e75d30,0x00000000b4f80000)
 Metaspace       used 94892K, committed 96704K, reserved 1179648K
  class space    used 9535K, committed 10432K, reserved 1048576K
}
Event: 3299.359 GC heap before
{Heap before GC invocations=4803 (full 6):
 PSYoungGen      total 4096K, used 3662K [0x00000000d5580000, 0x00000000d5c80000, 0x0000000100000000)
  eden space 2048K, 85% used [0x00000000d5580000,0x00000000d5733ba0,0x00000000d5780000)
  from space 2048K, 93% used [0x00000000d5a80000,0x00000000d5c60000,0x00000000d5c80000)
  to   space 2560K, 0% used [0x00000000d5780000,0x00000000d5780000,0x00000000d5a00000)
 ParOldGen       total 867840K, used 358871K [0x0000000080000000, 0x00000000b4f80000, 0x00000000d5580000)
  object space 867840K, 41% used [0x0000000080000000,0x0000000095e75d30,0x00000000b4f80000)
 Metaspace       used 94892K, committed 96704K, reserved 1179648K
  class space    used 9535K, committed 10432K, reserved 1048576K
}
Event: 3299.361 GC heap after
{Heap after GC invocations=4803 (full 6):
 PSYoungGen      total 3584K, used 1408K [0x00000000d5580000, 0x00000000d5b80000, 0x0000000100000000)
  eden space 2048K, 0% used [0x00000000d5580000,0x00000000d5580000,0x00000000d5780000)
  from space 1536K, 91% used [0x00000000d5780000,0x00000000d58e0000,0x00000000d5900000)
  to   space 2048K, 0% used [0x00000000d5980000,0x00000000d5980000,0x00000000d5b80000)
 ParOldGen       total 867840K, used 360583K [0x0000000080000000, 0x00000000b4f80000, 0x00000000d5580000)
  object space 867840K, 41% used [0x0000000080000000,0x0000000096021d30,0x00000000b4f80000)
 Metaspace       used 94892K, committed 96704K, reserved 1179648K
  class space    used 9535K, committed 10432K, reserved 1048576K
}
Event: 3299.499 GC heap before
{Heap before GC invocations=4804 (full 6):
 PSYoungGen      total 3584K, used 3456K [0x00000000d5580000, 0x00000000d5b80000, 0x0000000100000000)
  eden space 2048K, 100% used [0x00000000d5580000,0x00000000d5780000,0x00000000d5780000)
  from space 1536K, 91% used [0x00000000d5780000,0x00000000d58e0000,0x00000000d5900000)
  to   space 2048K, 0% used [0x00000000d5980000,0x00000000d5980000,0x00000000d5b80000)
 ParOldGen       total 867840K, used 362472K [0x0000000080000000, 0x00000000b4f80000, 0x00000000d5580000)
  object space 867840K, 41% used [0x0000000080000000,0x00000000961fa1f8,0x00000000b4f80000)
 Metaspace       used 94893K, committed 96704K, reserved 1179648K
  class space    used 9535K, committed 10432K, reserved 1048576K
}
Event: 3299.500 GC heap after
{Heap after GC invocations=4804 (full 6):
 PSYoungGen      total 3584K, used 1256K [0x00000000d5580000, 0x00000000d5b00000, 0x0000000100000000)
  eden space 2048K, 0% used [0x00000000d5580000,0x00000000d5580000,0x00000000d5780000)
  from space 1536K, 81% used [0x00000000d5980000,0x00000000d5aba2e8,0x00000000d5b00000)
  to   space 1536K, 0% used [0x00000000d5780000,0x00000000d5780000,0x00000000d5900000)
 ParOldGen       total 867840K, used 363448K [0x0000000080000000, 0x00000000b4f80000, 0x00000000d5580000)
  object space 867840K, 41% used [0x0000000080000000,0x00000000962ee1f8,0x00000000b4f80000)
 Metaspace       used 94893K, committed 96704K, reserved 1179648K
  class space    used 9535K, committed 10432K, reserved 1048576K
}

