# JRE version: OpenJDK Runtime Environment Temurin-21.0.8+9 (21.0.8+9) (build 21.0.8+9-LTS)
# Java VM: OpenJDK 64-Bit Server VM Temurin-21.0.8+9 (21.0.8+9-LTS, mixed mode, sharing, tiered, compressed oops, compressed class ptrs, parallel gc, windows-amd64)
GC Precious Log:
 CardTable entry size: 512
 CPUs: 12 total, 12 available
 Memory: 16155M
 Large Page Support: Disabled
 NUMA Support: Disabled
 Compressed Oops: Enabled (32-bit)
 Alignments: Space 512K, Generation 512K, Heap 2M
 Heap Min Capacity: 100M
 Heap Initial Capacity: 100M
 Heap Max Capacity: 2G
 Pre-touch: Disabled
 Parallel Workers: 10
Heap:
 PSYoungGen      total 3584K, used 2597K [0x00000000d5580000, 0x00000000d5a80000, 0x0000000100000000)
  eden space 3072K, 67% used [0x00000000d5580000,0x00000000d57897d0,0x00000000d5880000)
  from space 512K, 100% used [0x00000000d5900000,0x00000000d5980000,0x00000000d5980000)
  to   space 1024K, 0% used [0x00000000d5980000,0x00000000d5980000,0x00000000d5a80000)
 ParOldGen       total 195584K, used 195291K [0x0000000080000000, 0x000000008bf00000, 0x00000000d5580000)
  object space 195584K, 99% used [0x0000000080000000,0x000000008beb6f50,0x000000008bf00000)
 Metaspace       used 55557K, committed 56704K, reserved 1114112K
  class space    used 5980K, committed 6464K, reserved 1048576K
GC Heap History (20 events):
Event: 6.339 GC heap before
{Heap before GC invocations=136 (full 2):
 PSYoungGen      total 1536K, used 1330K [0x00000000d5580000, 0x00000000d5a00000, 0x0000000100000000)
  eden space 1024K, 98% used [0x00000000d5580000,0x00000000d567cb30,0x00000000d5680000)
  from space 512K, 62% used [0x00000000d5900000,0x00000000d5950000,0x00000000d5980000)
  to   space 512K, 0% used [0x00000000d5980000,0x00000000d5980000,0x00000000d5a00000)
 ParOldGen       total 192512K, used 192200K [0x0000000080000000, 0x000000008bc00000, 0x00000000d5580000)
  object space 192512K, 99% used [0x0000000080000000,0x000000008bbb2328,0x000000008bc00000)
 Metaspace       used 55557K, committed 56704K, reserved 1114112K
  class space    used 5980K, committed 6464K, reserved 1048576K
}
Event: 6.340 GC heap after
{Heap after GC invocations=136 (full 2):
 PSYoungGen      total 1536K, used 320K [0x00000000d5580000, 0x00000000d5a00000, 0x0000000100000000)
  eden space 1024K, 0% used [0x00000000d5580000,0x00000000d5580000,0x00000000d5680000)
  from space 512K, 62% used [0x00000000d5980000,0x00000000d59d0000,0x00000000d5a00000)
  to   space 512K, 0% used [0x00000000d5900000,0x00000000d5900000,0x00000000d5980000)
 ParOldGen       total 192512K, used 192336K [0x0000000080000000, 0x000000008bc00000, 0x00000000d5580000)
  object space 192512K, 99% used [0x0000000080000000,0x000000008bbd4328,0x000000008bc00000)
 Metaspace       used 55557K, committed 56704K, reserved 1114112K
  class space    used 5980K, committed 6464K, reserved 1048576K
}
Event: 6.341 GC heap before
{Heap before GC invocations=137 (full 2):
 PSYoungGen      total 1536K, used 1341K [0x00000000d5580000, 0x00000000d5a00000, 0x0000000100000000)
  eden space 1024K, 99% used [0x00000000d5580000,0x00000000d567f7f0,0x00000000d5680000)
  from space 512K, 62% used [0x00000000d5980000,0x00000000d59d0000,0x00000000d5a00000)
  to   space 512K, 0% used [0x00000000d5900000,0x00000000d5900000,0x00000000d5980000)
 ParOldGen       total 192512K, used 192336K [0x0000000080000000, 0x000000008bc00000, 0x00000000d5580000)
  object space 192512K, 99% used [0x0000000080000000,0x000000008bbd4328,0x000000008bc00000)
 Metaspace       used 55557K, committed 56704K, reserved 1114112K
  class space    used 5980K, committed 6464K, reserved 1048576K
}
Event: 6.342 GC heap after
{Heap after GC invocations=137 (full 2):
 PSYoungGen      total 2048K, used 320K [0x00000000d5580000, 0x00000000d5a00000, 0x0000000100000000)
  eden space 1536K, 0% used [0x00000000d5580000,0x00000000d5580000,0x00000000d5700000)
  from space 512K, 62% used [0x00000000d5900000,0x00000000d5950000,0x00000000d5980000)
  to   space 512K, 0% used [0x00000000d5980000,0x00000000d5980000,0x00000000d5a00000)
 ParOldGen       total 192512K, used 192496K [0x0000000080000000, 0x000000008bc00000, 0x00000000d5580000)
  object space 192512K, 99% used [0x0000000080000000,0x000000008bbfc328,0x000000008bc00000)
 Metaspace       used 55557K, committed 56704K, reserved 1114112K
  class space    used 5980K, committed 6464K, reserved 1048576K
}
Event: 6.344 GC heap before
{Heap before GC invocations=138 (full 2):
 PSYoungGen      total 2048K, used 1842K [0x00000000d5580000, 0x00000000d5a00000, 0x0000000100000000)
  eden space 1536K, 99% used [0x00000000d5580000,0x00000000d56fcbe8,0x00000000d5700000)
  from space 512K, 62% used [0x00000000d5900000,0x00000000d5950000,0x00000000d5980000)
  to   space 512K, 0% used [0x00000000d5980000,0x00000000d5980000,0x00000000d5a00000)
 ParOldGen       total 192512K, used 192496K [0x0000000080000000, 0x000000008bc00000, 0x00000000d5580000)
  object space 192512K, 99% used [0x0000000080000000,0x000000008bbfc328,0x000000008bc00000)
 Metaspace       used 55557K, committed 56704K, reserved 1114112K
  class space    used 5980K, committed 6464K, reserved 1048576K
}
Event: 6.345 GC heap after
{Heap after GC invocations=138 (full 2):
 PSYoungGen      total 2048K, used 352K [0x00000000d5580000, 0x00000000d5a00000, 0x0000000100000000)
  eden space 1536K, 0% used [0x00000000d5580000,0x00000000d5580000,0x00000000d5700000)
  from space 512K, 68% used [0x00000000d5980000,0x00000000d59d8000,0x00000000d5a00000)
  to   space 512K, 0% used [0x00000000d5900000,0x00000000d5900000,0x00000000d5980000)
 ParOldGen       total 193024K, used 192640K [0x0000000080000000, 0x000000008bc80000, 0x00000000d5580000)
  object space 193024K, 99% used [0x0000000080000000,0x000000008bc20328,0x000000008bc80000)
 Metaspace       used 55557K, committed 56704K, reserved 1114112K
  class space    used 5980K, committed 6464K, reserved 1048576K
}
Event: 6.347 GC heap before
{Heap before GC invocations=139 (full 2):
 PSYoungGen      total 2048K, used 1887K [0x00000000d5580000, 0x00000000d5a00000, 0x0000000100000000)
  eden space 1536K, 99% used [0x00000000d5580000,0x00000000d56fff98,0x00000000d5700000)
  from space 512K, 68% used [0x00000000d5980000,0x00000000d59d8000,0x00000000d5a00000)
  to   space 512K, 0% used [0x00000000d5900000,0x00000000d5900000,0x00000000d5980000)
 ParOldGen       total 193024K, used 192640K [0x0000000080000000, 0x000000008bc80000, 0x00000000d5580000)
  object space 193024K, 99% used [0x0000000080000000,0x000000008bc20328,0x000000008bc80000)
 Metaspace       used 55557K, committed 56704K, reserved 1114112K
  class space    used 5980K, committed 6464K, reserved 1048576K
}
Event: 6.348 GC heap after
{Heap after GC invocations=139 (full 2):
 PSYoungGen      total 2048K, used 460K [0x00000000d5580000, 0x00000000d5a00000, 0x0000000100000000)
  eden space 1536K, 0% used [0x00000000d5580000,0x00000000d5580000,0x00000000d5700000)
  from space 512K, 89% used [0x00000000d5900000,0x00000000d5973008,0x00000000d5980000)
  to   space 512K, 0% used [0x00000000d5980000,0x00000000d5980000,0x00000000d5a00000)
 ParOldGen       total 193024K, used 192848K [0x0000000080000000, 0x000000008bc80000, 0x00000000d5580000)
  object space 193024K, 99% used [0x0000000080000000,0x000000008bc54328,0x000000008bc80000)
 Metaspace       used 55557K, committed 56704K, reserved 1114112K
  class space    used 5980K, committed 6464K, reserved 1048576K
}
Event: 6.350 GC heap before
{Heap before GC invocations=140 (full 2):
 PSYoungGen      total 2048K, used 1996K [0x00000000d5580000, 0x00000000d5a00000, 0x0000000100000000)
  eden space 1536K, 100% used [0x00000000d5580000,0x00000000d5700000,0x00000000d5700000)
  from space 512K, 89% used [0x00000000d5900000,0x00000000d5973008,0x00000000d5980000)
  to   space 512K, 0% used [0x00000000d5980000,0x00000000d5980000,0x00000000d5a00000)
 ParOldGen       total 193024K, used 192848K [0x0000000080000000, 0x000000008bc80000, 0x00000000d5580000)
  object space 193024K, 99% used [0x0000000080000000,0x000000008bc54328,0x000000008bc80000)
 Metaspace       used 55557K, committed 56704K, reserved 1114112K
  class space    used 5980K, committed 6464K, reserved 1048576K
}
Event: 6.351 GC heap after
{Heap after GC invocations=140 (full 2):
 PSYoungGen      total 2048K, used 352K [0x00000000d5580000, 0x00000000d5a00000, 0x0000000100000000)
  eden space 1536K, 0% used [0x00000000d5580000,0x00000000d5580000,0x00000000d5700000)
  from space 512K, 68% used [0x00000000d5980000,0x00000000d59d8000,0x00000000d5a00000)
  to   space 512K, 0% used [0x00000000d5900000,0x00000000d5900000,0x00000000d5980000)
 ParOldGen       total 193536K, used 193132K [0x0000000080000000, 0x000000008bd00000, 0x00000000d5580000)
  object space 193536K, 99% used [0x0000000080000000,0x000000008bc9b330,0x000000008bd00000)
 Metaspace       used 55557K, committed 56704K, reserved 1114112K
  class space    used 5980K, committed 6464K, reserved 1048576K
}
Event: 6.353 GC heap before
{Heap before GC invocations=141 (full 2):
 PSYoungGen      total 2048K, used 1888K [0x00000000d5580000, 0x00000000d5a00000, 0x0000000100000000)
  eden space 1536K, 100% used [0x00000000d5580000,0x00000000d5700000,0x00000000d5700000)
  from space 512K, 68% used [0x00000000d5980000,0x00000000d59d8000,0x00000000d5a00000)
  to   space 512K, 0% used [0x00000000d5900000,0x00000000d5900000,0x00000000d5980000)
 ParOldGen       total 193536K, used 193132K [0x0000000080000000, 0x000000008bd00000, 0x00000000d5580000)
  object space 193536K, 99% used [0x0000000080000000,0x000000008bc9b330,0x000000008bd00000)
 Metaspace       used 55557K, committed 56704K, reserved 1114112K
  class space    used 5980K, committed 6464K, reserved 1048576K
}
Event: 6.353 GC heap after
{Heap after GC invocations=141 (full 2):
 PSYoungGen      total 2048K, used 320K [0x00000000d5580000, 0x00000000d5a00000, 0x0000000100000000)
  eden space 1536K, 0% used [0x00000000d5580000,0x00000000d5580000,0x00000000d5700000)
  from space 512K, 62% used [0x00000000d5900000,0x00000000d5950000,0x00000000d5980000)
  to   space 512K, 0% used [0x00000000d5980000,0x00000000d5980000,0x00000000d5a00000)
 ParOldGen       total 193536K, used 193380K [0x0000000080000000, 0x000000008bd00000, 0x00000000d5580000)
  object space 193536K, 99% used [0x0000000080000000,0x000000008bcd9330,0x000000008bd00000)
 Metaspace       used 55557K, committed 56704K, reserved 1114112K
  class space    used 5980K, committed 6464K, reserved 1048576K
}
Event: 6.358 GC heap before
{Heap before GC invocations=142 (full 2):
 PSYoungGen      total 2048K, used 1856K [0x00000000d5580000, 0x00000000d5a00000, 0x0000000100000000)
  eden space 1536K, 100% used [0x00000000d5580000,0x00000000d5700000,0x00000000d5700000)
  from space 512K, 62% used [0x00000000d5900000,0x00000000d5950000,0x00000000d5980000)
  to   space 512K, 0% used [0x00000000d5980000,0x00000000d5980000,0x00000000d5a00000)
 ParOldGen       total 193536K, used 193380K [0x0000000080000000, 0x000000008bd00000, 0x00000000d5580000)
  object space 193536K, 99% used [0x0000000080000000,0x000000008bcd9330,0x000000008bd00000)
 Metaspace       used 55557K, committed 56704K, reserved 1114112K
  class space    used 5980K, committed 6464K, reserved 1048576K
}
Event: 6.359 GC heap after
{Heap after GC invocations=142 (full 2):
 PSYoungGen      total 2048K, used 512K [0x00000000d5580000, 0x00000000d5a00000, 0x0000000100000000)
  eden space 1536K, 0% used [0x00000000d5580000,0x00000000d5580000,0x00000000d5700000)
  from space 512K, 100% used [0x00000000d5980000,0x00000000d5a00000,0x00000000d5a00000)
  to   space 1024K, 0% used [0x00000000d5800000,0x00000000d5800000,0x00000000d5900000)
 ParOldGen       total 194048K, used 193588K [0x0000000080000000, 0x000000008bd80000, 0x00000000d5580000)
  object space 194048K, 99% used [0x0000000080000000,0x000000008bd0d330,0x000000008bd80000)
 Metaspace       used 55557K, committed 56704K, reserved 1114112K
  class space    used 5980K, committed 6464K, reserved 1048576K
}
Event: 6.376 GC heap before
{Heap before GC invocations=143 (full 2):
 PSYoungGen      total 2048K, used 2048K [0x00000000d5580000, 0x00000000d5a00000, 0x0000000100000000)
  eden space 1536K, 100% used [0x00000000d5580000,0x00000000d5700000,0x00000000d5700000)
  from space 512K, 100% used [0x00000000d5980000,0x00000000d5a00000,0x00000000d5a00000)
  to   space 1024K, 0% used [0x00000000d5800000,0x00000000d5800000,0x00000000d5900000)
 ParOldGen       total 194048K, used 193588K [0x0000000080000000, 0x000000008bd80000, 0x00000000d5580000)
  object space 194048K, 99% used [0x0000000080000000,0x000000008bd0d330,0x000000008bd80000)
 Metaspace       used 55557K, committed 56704K, reserved 1114112K
  class space    used 5980K, committed 6464K, reserved 1048576K
}
Event: 6.377 GC heap after
{Heap after GC invocations=143 (full 2):
 PSYoungGen      total 2560K, used 256K [0x00000000d5580000, 0x00000000d5a00000, 0x0000000100000000)
  eden space 1536K, 0% used [0x00000000d5580000,0x00000000d5580000,0x00000000d5700000)
  from space 1024K, 25% used [0x00000000d5800000,0x00000000d5840000,0x00000000d5900000)
  to   space 512K, 0% used [0x00000000d5980000,0x00000000d5980000,0x00000000d5a00000)
 ParOldGen       total 194048K, used 193772K [0x0000000080000000, 0x000000008bd80000, 0x00000000d5580000)
  object space 194048K, 99% used [0x0000000080000000,0x000000008bd3b340,0x000000008bd80000)
 Metaspace       used 55557K, committed 56704K, reserved 1114112K
  class space    used 5980K, committed 6464K, reserved 1048576K
}
Event: 6.383 GC heap before
{Heap before GC invocations=144 (full 2):
 PSYoungGen      total 2560K, used 1792K [0x00000000d5580000, 0x00000000d5a00000, 0x0000000100000000)
  eden space 1536K, 100% used [0x00000000d5580000,0x00000000d5700000,0x00000000d5700000)
  from space 1024K, 25% used [0x00000000d5800000,0x00000000d5840000,0x00000000d5900000)
  to   space 512K, 0% used [0x00000000d5980000,0x00000000d5980000,0x00000000d5a00000)
 ParOldGen       total 194048K, used 193772K [0x0000000080000000, 0x000000008bd80000, 0x00000000d5580000)
  object space 194048K, 99% used [0x0000000080000000,0x000000008bd3b340,0x000000008bd80000)
 Metaspace       used 55557K, committed 56704K, reserved 1114112K
  class space    used 5980K, committed 6464K, reserved 1048576K
}
Event: 6.383 GC heap after
{Heap after GC invocations=144 (full 2):
 PSYoungGen      total 2048K, used 352K [0x00000000d5580000, 0x00000000d5a00000, 0x0000000100000000)
  eden space 1536K, 0% used [0x00000000d5580000,0x00000000d5580000,0x00000000d5700000)
  from space 512K, 68% used [0x00000000d5980000,0x00000000d59d8000,0x00000000d5a00000)
  to   space 512K, 0% used [0x00000000d5900000,0x00000000d5900000,0x00000000d5980000)
 ParOldGen       total 194048K, used 193804K [0x0000000080000000, 0x000000008bd80000, 0x00000000d5580000)
  object space 194048K, 99% used [0x0000000080000000,0x000000008bd43340,0x000000008bd80000)
 Metaspace       used 55557K, committed 56704K, reserved 1114112K
  class space    used 5980K, committed 6464K, reserved 1048576K
}
Event: 6.386 GC heap before
{Heap before GC invocations=145 (full 2):
 PSYoungGen      total 2048K, used 1888K [0x00000000d5580000, 0x00000000d5a00000, 0x0000000100000000)
  eden space 1536K, 100% used [0x00000000d5580000,0x00000000d5700000,0x00000000d5700000)
  from space 512K, 68% used [0x00000000d5980000,0x00000000d59d8000,0x00000000d5a00000)
  to   space 512K, 0% used [0x00000000d5900000,0x00000000d5900000,0x00000000d5980000)
 ParOldGen       total 194048K, used 193804K [0x0000000080000000, 0x000000008bd80000, 0x00000000d5580000)
  object space 194048K, 99% used [0x0000000080000000,0x000000008bd43340,0x000000008bd80000)
 Metaspace       used 55557K, committed 56704K, reserved 1114112K
  class space    used 5980K, committed 6464K, reserved 1048576K
}
Event: 6.387 GC heap after
{Heap after GC invocations=145 (full 2):
 PSYoungGen      total 2048K, used 320K [0x00000000d5580000, 0x00000000d5a00000, 0x0000000100000000)
  eden space 1536K, 0% used [0x00000000d5580000,0x00000000d5580000,0x00000000d5700000)
  from space 512K, 62% used [0x00000000d5900000,0x00000000d5950000,0x00000000d5980000)
  to   space 512K, 0% used [0x00000000d5980000,0x00000000d5980000,0x00000000d5a00000)
 ParOldGen       total 194048K, used 194020K [0x0000000080000000, 0x000000008bd80000, 0x00000000d5580000)
  object space 194048K, 99% used [0x0000000080000000,0x000000008bd79340,0x000000008bd80000)
 Metaspace       used 55557K, committed 56704K, reserved 1114112K
  class space    used 5980K, committed 6464K, reserved 1048576K
}

